0 info it worked if it ends with ok
1 verbose cli [ '/Users/Alex/.nvm/versions/node/v7.4.0/bin/node',
1 verbose cli   '/Users/Alex/.nvm/versions/node/v7.4.0/bin/npm',
1 verbose cli   'run',
1 verbose cli   'test' ]
2 info using npm@4.0.5
3 info using node@v7.4.0
4 verbose run-script [ 'pretest', 'test', 'posttest' ]
5 info lifecycle boilerplate-react-webpack@0.1.1~pretest: boilerplate-react-webpack@0.1.1
6 silly lifecycle boilerplate-react-webpack@0.1.1~pretest: no script for pretest, continuing
7 info lifecycle boilerplate-react-webpack@0.1.1~test: boilerplate-react-webpack@0.1.1
8 verbose lifecycle boilerplate-react-webpack@0.1.1~test: unsafe-perm in lifecycle true
9 verbose lifecycle boilerplate-react-webpack@0.1.1~test: PATH: /Users/Alex/.nvm/versions/node/v7.4.0/lib/node_modules/npm/bin/node-gyp-bin:/Users/Alex/Documents/workspace/Bills-World/node_modules/.bin:/Users/Alex/.nvm/versions/node/v7.4.0/bin:/usr/local/bin:/usr/bin:/bin:/usr/sbin:/sbin
10 verbose lifecycle boilerplate-react-webpack@0.1.1~test: CWD: /Users/Alex/Documents/workspace/Bills-World
11 silly lifecycle boilerplate-react-webpack@0.1.1~test: Args: [ '-c',
11 silly lifecycle   'standard --fix --verbose | snazzy && tape -r babel-register \'test/**/*.test.js\' | tap-spec' ]
12 silly lifecycle boilerplate-react-webpack@0.1.1~test: Returned: code: 1  signal: null
13 info lifecycle boilerplate-react-webpack@0.1.1~test: Failed to exec test script
14 verbose stack Error: boilerplate-react-webpack@0.1.1 test: `standard --fix --verbose | snazzy && tape -r babel-register 'test/**/*.test.js' | tap-spec`
14 verbose stack Exit status 1
14 verbose stack     at EventEmitter.<anonymous> (/Users/Alex/.nvm/versions/node/v7.4.0/lib/node_modules/npm/lib/utils/lifecycle.js:279:16)
14 verbose stack     at emitTwo (events.js:106:13)
14 verbose stack     at EventEmitter.emit (events.js:191:7)
14 verbose stack     at ChildProcess.<anonymous> (/Users/Alex/.nvm/versions/node/v7.4.0/lib/node_modules/npm/lib/utils/spawn.js:40:14)
14 verbose stack     at emitTwo (events.js:106:13)
14 verbose stack     at ChildProcess.emit (events.js:191:7)
14 verbose stack     at maybeClose (internal/child_process.js:885:16)
14 verbose stack     at Process.ChildProcess._handle.onexit (internal/child_process.js:226:5)
15 verbose pkgid boilerplate-react-webpack@0.1.1
16 verbose cwd /Users/Alex/Documents/workspace/Bills-World
17 error Darwin 15.6.0
18 error argv "/Users/Alex/.nvm/versions/node/v7.4.0/bin/node" "/Users/Alex/.nvm/versions/node/v7.4.0/bin/npm" "run" "test"
19 error node v7.4.0
20 error npm  v4.0.5
21 error code ELIFECYCLE
22 error boilerplate-react-webpack@0.1.1 test: `standard --fix --verbose | snazzy && tape -r babel-register 'test/**/*.test.js' | tap-spec`
22 error Exit status 1
23 error Failed at the boilerplate-react-webpack@0.1.1 test script 'standard --fix --verbose | snazzy && tape -r babel-register 'test/**/*.test.js' | tap-spec'.
23 error Make sure you have the latest version of node.js and npm installed.
23 error If you do, this is most likely a problem with the boilerplate-react-webpack package,
23 error not with npm itself.
23 error Tell the author that this fails on your system:
23 error     standard --fix --verbose | snazzy && tape -r babel-register 'test/**/*.test.js' | tap-spec
23 error You can get information on how to open an issue for this project with:
23 error     npm bugs boilerplate-react-webpack
23 error Or if that isn't available, you can get their info via:
23 error     npm owner ls boilerplate-react-webpack
23 error There is likely additional logging output above.
24 verbose exit [ 1, true ]
